This file contains any messages produced by compilers while
running configure, to aid debugging if configure makes a mistake.

It was created by wsnet-2.0 configure 0.7cvs, which was
generated by GNU Autoconf 2.69.  Invocation command line was

  $ ./configure 

## --------- ##
## Platform. ##
## --------- ##

hostname = Gabrielle
uname -m = x86_64
uname -r = 3.10-3-amd64
uname -s = Linux
uname -v = #1 SMP Debian 3.10.11-1 (2013-09-10)

/usr/bin/uname -p = unknown
/bin/uname -X     = unknown

/bin/arch              = unknown
/usr/bin/arch -k       = unknown
/usr/convex/getsysinfo = unknown
/usr/bin/hostinfo      = unknown
/bin/machine           = unknown
/usr/bin/oslevel       = unknown
/bin/universe          = unknown

PATH: /home/gabrielle/CodeSourcery/Sourcery_G++_Lite/bin
PATH: /usr/local/bin
PATH: /usr/bin
PATH: /bin
PATH: /usr/local/games
PATH: /usr/games


## ----------- ##
## Core tests. ##
## ----------- ##

configure:2212: checking build system type
configure:2226: result: x86_64-unknown-linux-gnu
configure:2246: checking host system type
configure:2259: result: x86_64-unknown-linux-gnu
configure:2279: checking target system type
configure:2292: result: x86_64-unknown-linux-gnu
configure:2334: checking for a BSD-compatible install
configure:2402: result: /usr/bin/install -c
configure:2413: checking whether build environment is sane
configure:2468: result: yes
configure:2619: checking for a thread-safe mkdir -p
configure:2658: result: /bin/mkdir -p
configure:2665: checking for gawk
configure:2681: found /usr/bin/gawk
configure:2692: result: gawk
configure:2703: checking whether make sets $(MAKE)
configure:2725: result: yes
configure:2754: checking whether make supports nested variables
configure:2771: result: yes
configure:2917: checking for pkg-config
configure:2936: found /usr/bin/pkg-config
configure:2948: result: /usr/bin/pkg-config
configure:3137: checking how to print strings
configure:3164: result: printf
configure:3197: checking for style of include used by make
configure:3225: result: GNU
configure:3296: checking for gcc
configure:3312: found /usr/bin/gcc
configure:3323: result: gcc
configure:3552: checking for C compiler version
configure:3561: gcc --version >&5
gcc (Debian 4.8.1-10) 4.8.1
Copyright (C) 2013 Free Software Foundation, Inc.
This is free software; see the source for copying conditions.  There is NO
warranty; not even for MERCHANTABILITY or FITNESS FOR A PARTICULAR PURPOSE.

configure:3572: $? = 0
configure:3561: gcc -v >&5
Using built-in specs.
COLLECT_GCC=gcc
COLLECT_LTO_WRAPPER=/usr/lib/gcc/x86_64-linux-gnu/4.8/lto-wrapper
Target: x86_64-linux-gnu
Configured with: ../src/configure -v --with-pkgversion='Debian 4.8.1-10' --with-bugurl=file:///usr/share/doc/gcc-4.8/README.Bugs --enable-languages=c,c++,java,go,d,fortran,objc,obj-c++ --prefix=/usr --program-suffix=-4.8 --enable-shared --enable-linker-build-id --libexecdir=/usr/lib --without-included-gettext --enable-threads=posix --with-gxx-include-dir=/usr/include/c++/4.8 --libdir=/usr/lib --enable-nls --with-sysroot=/ --enable-clocale=gnu --enable-libstdcxx-debug --enable-libstdcxx-time=yes --enable-gnu-unique-object --enable-plugin --with-system-zlib --disable-browser-plugin --enable-java-awt=gtk --enable-gtk-cairo --with-java-home=/usr/lib/jvm/java-1.5.0-gcj-4.8-amd64/jre --enable-java-home --with-jvm-root-dir=/usr/lib/jvm/java-1.5.0-gcj-4.8-amd64 --with-jvm-jar-dir=/usr/lib/jvm-exports/java-1.5.0-gcj-4.8-amd64 --with-arch-directory=amd64 --with-ecj-jar=/usr/share/java/eclipse-ecj.jar --enable-objc-gc --enable-multiarch --with-arch-32=i586 --with-abi=m64 --with-multilib-list=m32,m64,mx32 --with-tune=generic --enable-checking=release --build=x86_64-linux-gnu --host=x86_64-linux-gnu --target=x86_64-linux-gnu
Thread model: posix
gcc version 4.8.1 (Debian 4.8.1-10) 
configure:3572: $? = 0
configure:3561: gcc -V >&5
gcc: error: unrecognized command line option '-V'
gcc: fatal error: no input files
compilation terminated.
configure:3572: $? = 4
configure:3561: gcc -qversion >&5
gcc: error: unrecognized command line option '-qversion'
gcc: fatal error: no input files
compilation terminated.
configure:3572: $? = 4
configure:3592: checking whether the C compiler works
configure:3614: gcc -O2 -fno-strict-aliasing -Wall -Wextra -Wno-unused-parameter -Werror -DLIBDIR='"${exec_prefix}/lib"' -DDATADIR='"${datarootdir}"'    conftest.c  >&5
configure:3618: $? = 0
configure:3666: result: yes
configure:3669: checking for C compiler default output file name
configure:3671: result: a.out
configure:3677: checking for suffix of executables
configure:3684: gcc -o conftest -O2 -fno-strict-aliasing -Wall -Wextra -Wno-unused-parameter -Werror -DLIBDIR='"${exec_prefix}/lib"' -DDATADIR='"${datarootdir}"'    conftest.c  >&5
configure:3688: $? = 0
configure:3710: result: 
configure:3732: checking whether we are cross compiling
configure:3740: gcc -o conftest -O2 -fno-strict-aliasing -Wall -Wextra -Wno-unused-parameter -Werror -DLIBDIR='"${exec_prefix}/lib"' -DDATADIR='"${datarootdir}"'    conftest.c  >&5
configure:3744: $? = 0
configure:3751: ./conftest
configure:3755: $? = 0
configure:3770: result: no
configure:3775: checking for suffix of object files
configure:3797: gcc -c -O2 -fno-strict-aliasing -Wall -Wextra -Wno-unused-parameter -Werror -DLIBDIR='"${exec_prefix}/lib"' -DDATADIR='"${datarootdir}"'   conftest.c >&5
configure:3801: $? = 0
configure:3822: result: o
configure:3826: checking whether we are using the GNU C compiler
configure:3845: gcc -c -O2 -fno-strict-aliasing -Wall -Wextra -Wno-unused-parameter -Werror -DLIBDIR='"${exec_prefix}/lib"' -DDATADIR='"${datarootdir}"'   conftest.c >&5
configure:3845: $? = 0
configure:3854: result: yes
configure:3863: checking whether gcc accepts -g
configure:3883: gcc -c -g  conftest.c >&5
configure:3883: $? = 0
configure:3924: result: yes
configure:3941: checking for gcc option to accept ISO C89
configure:4004: gcc  -c -O2 -fno-strict-aliasing -Wall -Wextra -Wno-unused-parameter -Werror -DLIBDIR='"${exec_prefix}/lib"' -DDATADIR='"${datarootdir}"'   conftest.c >&5
configure:4004: $? = 0
configure:4017: result: none needed
configure:4042: checking whether gcc understands -c and -o together
configure:4064: gcc -c conftest.c -o conftest2.o
configure:4067: $? = 0
configure:4064: gcc -c conftest.c -o conftest2.o
configure:4067: $? = 0
configure:4079: result: yes
configure:4098: checking dependency style of gcc
configure:4209: result: gcc3
configure:4224: checking for a sed that does not truncate output
configure:4288: result: /bin/sed
configure:4306: checking for grep that handles long lines and -e
configure:4364: result: /bin/grep
configure:4369: checking for egrep
configure:4431: result: /bin/grep -E
configure:4436: checking for fgrep
configure:4498: result: /bin/grep -F
configure:4533: checking for ld used by gcc
configure:4600: result: /usr/bin/ld
configure:4607: checking if the linker (/usr/bin/ld) is GNU ld
configure:4622: result: yes
configure:4634: checking for BSD- or MS-compatible name lister (nm)
configure:4683: result: /usr/bin/nm -B
configure:4813: checking the name lister (/usr/bin/nm -B) interface
configure:4820: gcc -c -O2 -fno-strict-aliasing -Wall -Wextra -Wno-unused-parameter -Werror -DLIBDIR='"${exec_prefix}/lib"' -DDATADIR='"${datarootdir}"'   conftest.c >&5
configure:4823: /usr/bin/nm -B "conftest.o"
configure:4826: output
0000000000000000 B some_variable
configure:4833: result: BSD nm
configure:4836: checking whether ln -s works
configure:4840: result: yes
configure:4848: checking the maximum length of command line arguments
configure:4979: result: 1572864
configure:4996: checking whether the shell understands some XSI constructs
configure:5006: result: yes
configure:5010: checking whether the shell understands "+="
configure:5016: result: yes
configure:5051: checking how to convert x86_64-unknown-linux-gnu file names to x86_64-unknown-linux-gnu format
configure:5091: result: func_convert_file_noop
configure:5098: checking how to convert x86_64-unknown-linux-gnu file names to toolchain format
configure:5118: result: func_convert_file_noop
configure:5125: checking for /usr/bin/ld option to reload object files
configure:5132: result: -r
configure:5206: checking for objdump
configure:5222: found /usr/bin/objdump
configure:5233: result: objdump
configure:5265: checking how to recognize dependent libraries
configure:5463: result: pass_all
configure:5548: checking for dlltool
configure:5578: result: no
configure:5608: checking how to associate runtime and link libraries
configure:5635: result: printf %s\n
configure:5696: checking for ar
configure:5712: found /usr/bin/ar
configure:5723: result: ar
configure:5760: checking for archiver @FILE support
configure:5777: gcc -c -O2 -fno-strict-aliasing -Wall -Wextra -Wno-unused-parameter -Werror -DLIBDIR='"${exec_prefix}/lib"' -DDATADIR='"${datarootdir}"'   conftest.c >&5
configure:5777: $? = 0
configure:5780: ar cru libconftest.a @conftest.lst >&5
configure:5783: $? = 0
configure:5788: ar cru libconftest.a @conftest.lst >&5
ar: conftest.o: No such file or directory
configure:5791: $? = 1
configure:5803: result: @
configure:5861: checking for strip
configure:5877: found /usr/bin/strip
configure:5888: result: strip
configure:5960: checking for ranlib
configure:5976: found /usr/bin/ranlib
configure:5987: result: ranlib
configure:6089: checking command to parse /usr/bin/nm -B output from gcc object
configure:6209: gcc -c -O2 -fno-strict-aliasing -Wall -Wextra -Wno-unused-parameter -Werror -DLIBDIR='"${exec_prefix}/lib"' -DDATADIR='"${datarootdir}"'   conftest.c >&5
configure:6212: $? = 0
configure:6216: /usr/bin/nm -B conftest.o \| sed -n -e 's/^.*[ ]\([ABCDGIRSTW][ABCDGIRSTW]*\)[ ][ ]*\([_A-Za-z][_A-Za-z0-9]*\)$/\1 \2 \2/p' | sed '/ __gnu_lto/d' \> conftest.nm
configure:6219: $? = 0
configure:6285: gcc -o conftest -O2 -fno-strict-aliasing -Wall -Wextra -Wno-unused-parameter -Werror -DLIBDIR='"${exec_prefix}/lib"' -DDATADIR='"${datarootdir}"'    conftest.c conftstm.o >&5
configure:6288: $? = 0
configure:6326: result: ok
configure:6363: checking for sysroot
configure:6393: result: no
configure:6470: gcc -c -O2 -fno-strict-aliasing -Wall -Wextra -Wno-unused-parameter -Werror -DLIBDIR='"${exec_prefix}/lib"' -DDATADIR='"${datarootdir}"'   conftest.c >&5
configure:6473: $? = 0
configure:6656: checking for mt
configure:6672: found /bin/mt
configure:6683: result: mt
configure:6706: checking if mt is a manifest tool
configure:6712: mt '-?'
configure:6720: result: no
configure:7362: checking how to run the C preprocessor
configure:7393: gcc -E  conftest.c
configure:7393: $? = 0
configure:7407: gcc -E  conftest.c
conftest.c:11:28: fatal error: ac_nonexistent.h: No such file or directory
 #include <ac_nonexistent.h>
                            ^
compilation terminated.
configure:7407: $? = 1
configure: failed program was:
| /* confdefs.h */
| #define PACKAGE_NAME "wsnet-2.0"
| #define PACKAGE_TARNAME "wsnet-2-0"
| #define PACKAGE_VERSION "0.7cvs"
| #define PACKAGE_STRING "wsnet-2.0 0.7cvs"
| #define PACKAGE_BUGREPORT ""
| #define PACKAGE_URL ""
| #define PACKAGE "wsnet-2-0"
| #define VERSION "0.7cvs"
| /* end confdefs.h.  */
| #include <ac_nonexistent.h>
configure:7432: result: gcc -E
configure:7452: gcc -E  conftest.c
configure:7452: $? = 0
configure:7466: gcc -E  conftest.c
conftest.c:11:28: fatal error: ac_nonexistent.h: No such file or directory
 #include <ac_nonexistent.h>
                            ^
compilation terminated.
configure:7466: $? = 1
configure: failed program was:
| /* confdefs.h */
| #define PACKAGE_NAME "wsnet-2.0"
| #define PACKAGE_TARNAME "wsnet-2-0"
| #define PACKAGE_VERSION "0.7cvs"
| #define PACKAGE_STRING "wsnet-2.0 0.7cvs"
| #define PACKAGE_BUGREPORT ""
| #define PACKAGE_URL ""
| #define PACKAGE "wsnet-2-0"
| #define VERSION "0.7cvs"
| /* end confdefs.h.  */
| #include <ac_nonexistent.h>
configure:7495: checking for ANSI C header files
configure:7515: gcc -c -O2 -fno-strict-aliasing -Wall -Wextra -Wno-unused-parameter -Werror -DLIBDIR='"${exec_prefix}/lib"' -DDATADIR='"${datarootdir}"'   conftest.c >&5
configure:7515: $? = 0
configure:7588: gcc -o conftest -O2 -fno-strict-aliasing -Wall -Wextra -Wno-unused-parameter -Werror -DLIBDIR='"${exec_prefix}/lib"' -DDATADIR='"${datarootdir}"'    conftest.c  >&5
configure:7588: $? = 0
configure:7588: ./conftest
configure:7588: $? = 0
configure:7599: result: yes
configure:7612: checking for sys/types.h
configure:7612: gcc -c -O2 -fno-strict-aliasing -Wall -Wextra -Wno-unused-parameter -Werror -DLIBDIR='"${exec_prefix}/lib"' -DDATADIR='"${datarootdir}"'   conftest.c >&5
configure:7612: $? = 0
configure:7612: result: yes
configure:7612: checking for sys/stat.h
configure:7612: gcc -c -O2 -fno-strict-aliasing -Wall -Wextra -Wno-unused-parameter -Werror -DLIBDIR='"${exec_prefix}/lib"' -DDATADIR='"${datarootdir}"'   conftest.c >&5
configure:7612: $? = 0
configure:7612: result: yes
configure:7612: checking for stdlib.h
configure:7612: gcc -c -O2 -fno-strict-aliasing -Wall -Wextra -Wno-unused-parameter -Werror -DLIBDIR='"${exec_prefix}/lib"' -DDATADIR='"${datarootdir}"'   conftest.c >&5
configure:7612: $? = 0
configure:7612: result: yes
configure:7612: checking for string.h
configure:7612: gcc -c -O2 -fno-strict-aliasing -Wall -Wextra -Wno-unused-parameter -Werror -DLIBDIR='"${exec_prefix}/lib"' -DDATADIR='"${datarootdir}"'   conftest.c >&5
configure:7612: $? = 0
configure:7612: result: yes
configure:7612: checking for memory.h
configure:7612: gcc -c -O2 -fno-strict-aliasing -Wall -Wextra -Wno-unused-parameter -Werror -DLIBDIR='"${exec_prefix}/lib"' -DDATADIR='"${datarootdir}"'   conftest.c >&5
configure:7612: $? = 0
configure:7612: result: yes
configure:7612: checking for strings.h
configure:7612: gcc -c -O2 -fno-strict-aliasing -Wall -Wextra -Wno-unused-parameter -Werror -DLIBDIR='"${exec_prefix}/lib"' -DDATADIR='"${datarootdir}"'   conftest.c >&5
configure:7612: $? = 0
configure:7612: result: yes
configure:7612: checking for inttypes.h
configure:7612: gcc -c -O2 -fno-strict-aliasing -Wall -Wextra -Wno-unused-parameter -Werror -DLIBDIR='"${exec_prefix}/lib"' -DDATADIR='"${datarootdir}"'   conftest.c >&5
configure:7612: $? = 0
configure:7612: result: yes
configure:7612: checking for stdint.h
configure:7612: gcc -c -O2 -fno-strict-aliasing -Wall -Wextra -Wno-unused-parameter -Werror -DLIBDIR='"${exec_prefix}/lib"' -DDATADIR='"${datarootdir}"'   conftest.c >&5
configure:7612: $? = 0
configure:7612: result: yes
configure:7612: checking for unistd.h
configure:7612: gcc -c -O2 -fno-strict-aliasing -Wall -Wextra -Wno-unused-parameter -Werror -DLIBDIR='"${exec_prefix}/lib"' -DDATADIR='"${datarootdir}"'   conftest.c >&5
configure:7612: $? = 0
configure:7612: result: yes
configure:7626: checking for dlfcn.h
configure:7626: gcc -c -O2 -fno-strict-aliasing -Wall -Wextra -Wno-unused-parameter -Werror -DLIBDIR='"${exec_prefix}/lib"' -DDATADIR='"${datarootdir}"'   conftest.c >&5
configure:7626: $? = 0
configure:7626: result: yes
configure:7830: checking for objdir
configure:7845: result: .libs
configure:8116: checking if gcc supports -fno-rtti -fno-exceptions
configure:8134: gcc -c -O2 -fno-strict-aliasing -Wall -Wextra -Wno-unused-parameter -Werror -DLIBDIR='"${exec_prefix}/lib"' -DDATADIR='"${datarootdir}"'   -fno-rtti -fno-exceptions conftest.c >&5
cc1: error: command line option '-fno-rtti' is valid for C++/ObjC++ but not for C [-Werror]
cc1: all warnings being treated as errors
configure:8138: $? = 1
configure:8151: result: no
configure:8478: checking for gcc option to produce PIC
configure:8485: result: -fPIC -DPIC
configure:8493: checking if gcc PIC flag -fPIC -DPIC works
configure:8511: gcc -c -O2 -fno-strict-aliasing -Wall -Wextra -Wno-unused-parameter -Werror -DLIBDIR='"${exec_prefix}/lib"' -DDATADIR='"${datarootdir}"'   -fPIC -DPIC -DPIC conftest.c >&5
configure:8515: $? = 0
configure:8528: result: yes
configure:8557: checking if gcc static flag -static works
configure:8585: result: yes
configure:8600: checking if gcc supports -c -o file.o
configure:8621: gcc -c -O2 -fno-strict-aliasing -Wall -Wextra -Wno-unused-parameter -Werror -DLIBDIR='"${exec_prefix}/lib"' -DDATADIR='"${datarootdir}"'   -o out/conftest2.o conftest.c >&5
configure:8625: $? = 0
configure:8647: result: yes
configure:8655: checking if gcc supports -c -o file.o
configure:8702: result: yes
configure:8735: checking whether the gcc linker (/usr/bin/ld -m elf_x86_64) supports shared libraries
configure:9892: result: yes
configure:9929: checking whether -lc should be explicitly linked in
configure:9937: gcc -c -O2 -fno-strict-aliasing -Wall -Wextra -Wno-unused-parameter -Werror -DLIBDIR='"${exec_prefix}/lib"' -DDATADIR='"${datarootdir}"'   conftest.c >&5
configure:9940: $? = 0
configure:9955: gcc -shared  -fPIC -DPIC conftest.o  -v -Wl,-soname -Wl,conftest -o conftest 2\>\&1 \| /bin/grep  -lc  \>/dev/null 2\>\&1
configure:9958: $? = 0
configure:9972: result: no
configure:10132: checking dynamic linker characteristics
configure:10632: gcc -o conftest -O2 -fno-strict-aliasing -Wall -Wextra -Wno-unused-parameter -Werror -DLIBDIR='"${exec_prefix}/lib"' -DDATADIR='"${datarootdir}"'    -Wl,-rpath -Wl,/foo conftest.c  >&5
configure:10632: $? = 0
configure:10866: result: GNU/Linux ld.so
configure:10973: checking how to hardcode library paths into programs
configure:10998: result: immediate
configure:11092: checking for shl_load
configure:11092: gcc -o conftest -O2 -fno-strict-aliasing -Wall -Wextra -Wno-unused-parameter -Werror -DLIBDIR='"${exec_prefix}/lib"' -DDATADIR='"${datarootdir}"'    conftest.c  >&5
/tmp/cc4zipQ1.o: In function `main':
conftest.c:(.text.startup+0x7): undefined reference to `shl_load'
collect2: error: ld returned 1 exit status
configure:11092: $? = 1
configure: failed program was:
| /* confdefs.h */
| #define PACKAGE_NAME "wsnet-2.0"
| #define PACKAGE_TARNAME "wsnet-2-0"
| #define PACKAGE_VERSION "0.7cvs"
| #define PACKAGE_STRING "wsnet-2.0 0.7cvs"
| #define PACKAGE_BUGREPORT ""
| #define PACKAGE_URL ""
| #define PACKAGE "wsnet-2-0"
| #define VERSION "0.7cvs"
| #define STDC_HEADERS 1
| #define HAVE_SYS_TYPES_H 1
| #define HAVE_SYS_STAT_H 1
| #define HAVE_STDLIB_H 1
| #define HAVE_STRING_H 1
| #define HAVE_MEMORY_H 1
| #define HAVE_STRINGS_H 1
| #define HAVE_INTTYPES_H 1
| #define HAVE_STDINT_H 1
| #define HAVE_UNISTD_H 1
| #define HAVE_DLFCN_H 1
| #define LT_OBJDIR ".libs/"
| /* end confdefs.h.  */
| /* Define shl_load to an innocuous variant, in case <limits.h> declares shl_load.
|    For example, HP-UX 11i <limits.h> declares gettimeofday.  */
| #define shl_load innocuous_shl_load
| 
| /* System header to define __stub macros and hopefully few prototypes,
|     which can conflict with char shl_load (); below.
|     Prefer <limits.h> to <assert.h> if __STDC__ is defined, since
|     <limits.h> exists even on freestanding compilers.  */
| 
| #ifdef __STDC__
| # include <limits.h>
| #else
| # include <assert.h>
| #endif
| 
| #undef shl_load
| 
| /* Override any GCC internal prototype to avoid an error.
|    Use char because int might match the return type of a GCC
|    builtin and then its argument prototype would still apply.  */
| #ifdef __cplusplus
| extern "C"
| #endif
| char shl_load ();
| /* The GNU C library defines this for functions which it implements
|     to always fail with ENOSYS.  Some functions are actually named
|     something starting with __ and the normal name is an alias.  */
| #if defined __stub_shl_load || defined __stub___shl_load
| choke me
| #endif
| 
| int
| main ()
| {
| return shl_load ();
|   ;
|   return 0;
| }
configure:11092: result: no
configure:11096: checking for shl_load in -ldld
configure:11121: gcc -o conftest -O2 -fno-strict-aliasing -Wall -Wextra -Wno-unused-parameter -Werror -DLIBDIR='"${exec_prefix}/lib"' -DDATADIR='"${datarootdir}"'    conftest.c -ldld   >&5
/usr/bin/ld: cannot find -ldld
collect2: error: ld returned 1 exit status
configure:11121: $? = 1
configure: failed program was:
| /* confdefs.h */
| #define PACKAGE_NAME "wsnet-2.0"
| #define PACKAGE_TARNAME "wsnet-2-0"
| #define PACKAGE_VERSION "0.7cvs"
| #define PACKAGE_STRING "wsnet-2.0 0.7cvs"
| #define PACKAGE_BUGREPORT ""
| #define PACKAGE_URL ""
| #define PACKAGE "wsnet-2-0"
| #define VERSION "0.7cvs"
| #define STDC_HEADERS 1
| #define HAVE_SYS_TYPES_H 1
| #define HAVE_SYS_STAT_H 1
| #define HAVE_STDLIB_H 1
| #define HAVE_STRING_H 1
| #define HAVE_MEMORY_H 1
| #define HAVE_STRINGS_H 1
| #define HAVE_INTTYPES_H 1
| #define HAVE_STDINT_H 1
| #define HAVE_UNISTD_H 1
| #define HAVE_DLFCN_H 1
| #define LT_OBJDIR ".libs/"
| /* end confdefs.h.  */
| 
| /* Override any GCC internal prototype to avoid an error.
|    Use char because int might match the return type of a GCC
|    builtin and then its argument prototype would still apply.  */
| #ifdef __cplusplus
| extern "C"
| #endif
| char shl_load ();
| int
| main ()
| {
| return shl_load ();
|   ;
|   return 0;
| }
configure:11130: result: no
configure:11135: checking for dlopen
configure:11135: gcc -o conftest -O2 -fno-strict-aliasing -Wall -Wextra -Wno-unused-parameter -Werror -DLIBDIR='"${exec_prefix}/lib"' -DDATADIR='"${datarootdir}"'    conftest.c  >&5
/tmp/cc2XJAaY.o: In function `main':
conftest.c:(.text.startup+0x7): undefined reference to `dlopen'
collect2: error: ld returned 1 exit status
configure:11135: $? = 1
configure: failed program was:
| /* confdefs.h */
| #define PACKAGE_NAME "wsnet-2.0"
| #define PACKAGE_TARNAME "wsnet-2-0"
| #define PACKAGE_VERSION "0.7cvs"
| #define PACKAGE_STRING "wsnet-2.0 0.7cvs"
| #define PACKAGE_BUGREPORT ""
| #define PACKAGE_URL ""
| #define PACKAGE "wsnet-2-0"
| #define VERSION "0.7cvs"
| #define STDC_HEADERS 1
| #define HAVE_SYS_TYPES_H 1
| #define HAVE_SYS_STAT_H 1
| #define HAVE_STDLIB_H 1
| #define HAVE_STRING_H 1
| #define HAVE_MEMORY_H 1
| #define HAVE_STRINGS_H 1
| #define HAVE_INTTYPES_H 1
| #define HAVE_STDINT_H 1
| #define HAVE_UNISTD_H 1
| #define HAVE_DLFCN_H 1
| #define LT_OBJDIR ".libs/"
| /* end confdefs.h.  */
| /* Define dlopen to an innocuous variant, in case <limits.h> declares dlopen.
|    For example, HP-UX 11i <limits.h> declares gettimeofday.  */
| #define dlopen innocuous_dlopen
| 
| /* System header to define __stub macros and hopefully few prototypes,
|     which can conflict with char dlopen (); below.
|     Prefer <limits.h> to <assert.h> if __STDC__ is defined, since
|     <limits.h> exists even on freestanding compilers.  */
| 
| #ifdef __STDC__
| # include <limits.h>
| #else
| # include <assert.h>
| #endif
| 
| #undef dlopen
| 
| /* Override any GCC internal prototype to avoid an error.
|    Use char because int might match the return type of a GCC
|    builtin and then its argument prototype would still apply.  */
| #ifdef __cplusplus
| extern "C"
| #endif
| char dlopen ();
| /* The GNU C library defines this for functions which it implements
|     to always fail with ENOSYS.  Some functions are actually named
|     something starting with __ and the normal name is an alias.  */
| #if defined __stub_dlopen || defined __stub___dlopen
| choke me
| #endif
| 
| int
| main ()
| {
| return dlopen ();
|   ;
|   return 0;
| }
configure:11135: result: no
configure:11139: checking for dlopen in -ldl
configure:11164: gcc -o conftest -O2 -fno-strict-aliasing -Wall -Wextra -Wno-unused-parameter -Werror -DLIBDIR='"${exec_prefix}/lib"' -DDATADIR='"${datarootdir}"'    conftest.c -ldl   >&5
configure:11164: $? = 0
configure:11173: result: yes
configure:11292: checking whether a program can dlopen itself
configure:11372: gcc -o conftest -O2 -fno-strict-aliasing -Wall -Wextra -Wno-unused-parameter -Werror -DLIBDIR='"${exec_prefix}/lib"' -DDATADIR='"${datarootdir}"'   -DHAVE_DLFCN_H  -Wl,--export-dynamic conftest.c -ldl  >&5
configure:11375: $? = 0
configure:11393: result: yes
configure:11398: checking whether a statically linked program can dlopen itself
configure:11478: gcc -o conftest -O2 -fno-strict-aliasing -Wall -Wextra -Wno-unused-parameter -Werror -DLIBDIR='"${exec_prefix}/lib"' -DDATADIR='"${datarootdir}"'   -DHAVE_DLFCN_H  -Wl,--export-dynamic -static conftest.c -ldl  >&5
/tmp/ccKGBave.o: In function `main':
conftest.c:(.text.startup+0x9): warning: Using 'dlopen' in statically linked applications requires at runtime the shared libraries from the glibc version used for linking
/usr/bin/ld: dynamic STT_GNU_IFUNC symbol `strcmp' with pointer equality in `/usr/lib/gcc/x86_64-linux-gnu/4.8/../../../x86_64-linux-gnu/libc.a(strcmp.o)' can not be used when making an executable; recompile with -fPIE and relink with -pie
collect2: error: ld returned 1 exit status
configure:11481: $? = 1
configure:11499: result: no
configure:11538: checking whether stripping libraries is possible
configure:11543: result: yes
configure:11578: checking if libtool supports shared libraries
configure:11580: result: yes
configure:11583: checking whether to build shared libraries
configure:11604: result: yes
configure:11607: checking whether to build static libraries
configure:11611: result: yes
configure:11696: checking for gcc
configure:11723: result: gcc
configure:11952: checking for C compiler version
configure:11961: gcc --version >&5
gcc (Debian 4.8.1-10) 4.8.1
Copyright (C) 2013 Free Software Foundation, Inc.
This is free software; see the source for copying conditions.  There is NO
warranty; not even for MERCHANTABILITY or FITNESS FOR A PARTICULAR PURPOSE.

configure:11972: $? = 0
configure:11961: gcc -v >&5
Using built-in specs.
COLLECT_GCC=gcc
COLLECT_LTO_WRAPPER=/usr/lib/gcc/x86_64-linux-gnu/4.8/lto-wrapper
Target: x86_64-linux-gnu
Configured with: ../src/configure -v --with-pkgversion='Debian 4.8.1-10' --with-bugurl=file:///usr/share/doc/gcc-4.8/README.Bugs --enable-languages=c,c++,java,go,d,fortran,objc,obj-c++ --prefix=/usr --program-suffix=-4.8 --enable-shared --enable-linker-build-id --libexecdir=/usr/lib --without-included-gettext --enable-threads=posix --with-gxx-include-dir=/usr/include/c++/4.8 --libdir=/usr/lib --enable-nls --with-sysroot=/ --enable-clocale=gnu --enable-libstdcxx-debug --enable-libstdcxx-time=yes --enable-gnu-unique-object --enable-plugin --with-system-zlib --disable-browser-plugin --enable-java-awt=gtk --enable-gtk-cairo --with-java-home=/usr/lib/jvm/java-1.5.0-gcj-4.8-amd64/jre --enable-java-home --with-jvm-root-dir=/usr/lib/jvm/java-1.5.0-gcj-4.8-amd64 --with-jvm-jar-dir=/usr/lib/jvm-exports/java-1.5.0-gcj-4.8-amd64 --with-arch-directory=amd64 --with-ecj-jar=/usr/share/java/eclipse-ecj.jar --enable-objc-gc --enable-multiarch --with-arch-32=i586 --with-abi=m64 --with-multilib-list=m32,m64,mx32 --with-tune=generic --enable-checking=release --build=x86_64-linux-gnu --host=x86_64-linux-gnu --target=x86_64-linux-gnu
Thread model: posix
gcc version 4.8.1 (Debian 4.8.1-10) 
configure:11972: $? = 0
configure:11961: gcc -V >&5
gcc: error: unrecognized command line option '-V'
gcc: fatal error: no input files
compilation terminated.
configure:11972: $? = 4
configure:11961: gcc -qversion >&5
gcc: error: unrecognized command line option '-qversion'
gcc: fatal error: no input files
compilation terminated.
configure:11972: $? = 4
configure:11976: checking whether we are using the GNU C compiler
configure:12004: result: yes
configure:12013: checking whether gcc accepts -g
configure:12074: result: yes
configure:12091: checking for gcc option to accept ISO C89
configure:12167: result: none needed
configure:12192: checking whether gcc understands -c and -o together
configure:12229: result: yes
configure:12248: checking dependency style of gcc
configure:12359: result: gcc3
configure:12424: checking for gcj
configure:12454: result: no
configure:12483: checking dependency style of gcj
configure:12592: result: none
configure:12715: checking dependency style of gcj
configure:12824: result: none
configure:12930: checking if gcj supports -fno-rtti -fno-exceptions
configure:12965: result: no
configure:13289: checking for gcj option to produce PIC
configure:13296: result: -fPIC
configure:13304: checking if gcj PIC flag -fPIC works
configure:13322: gcj -c -g -O2  -fPIC conftest.java >&5
./configure: line 13323: gcj: command not found
configure:13326: $? = 127
configure:13339: result: no
configure:13362: checking if gcj static flag -static works
configure:13390: result: no
configure:13402: checking if gcj supports -c -o file.o
configure:13423: gcj -c -g -O2  -o out/conftest2.o conftest.java >&5
./configure: line 13424: gcj: command not found
configure:13427: $? = 127
configure:13449: result: no
configure:13454: checking if gcj supports -c -o file.o
configure:13501: result: no
configure:13531: checking whether the gcj linker (/usr/bin/ld -m elf_x86_64) supports shared libraries
configure:14649: result: yes
configure:14790: checking how to hardcode library paths into programs
configure:14815: result: immediate
configure:14959: checking that generated files are newer than configure
configure:14965: result: done
configure:15000: creating ./config.status

## ---------------------- ##
## Running config.status. ##
## ---------------------- ##

This file was extended by wsnet-2.0 config.status 0.7cvs, which was
generated by GNU Autoconf 2.69.  Invocation command line was

  CONFIG_FILES    = 
  CONFIG_HEADERS  = 
  CONFIG_LINKS    = 
  CONFIG_COMMANDS = 
  $ ./config.status 

on Gabrielle

config.status:1203: creating include/Makefile
config.status:1203: creating libraries/mem_fs/malloc/Makefile
config.status:1203: creating libraries/mem_fs/prealloc/Makefile
config.status:1203: creating libraries/mem_fs/Makefile
config.status:1203: creating libraries/das/list/Makefile
config.status:1203: creating libraries/das/Makefile
config.status:1203: creating libraries/sodas/list/Makefile
config.status:1203: creating libraries/sodas/heap/Makefile
config.status:1203: creating libraries/sodas/Makefile
config.status:1203: creating libraries/timer/Makefile
config.status:1203: creating libraries/hadas/hash/Makefile
config.status:1203: creating libraries/hadas/Makefile
config.status:1203: creating libraries/spadas/dbtree/Makefile
config.status:1203: creating libraries/spadas/flat/Makefile
config.status:1203: creating libraries/spadas/grid/Makefile
config.status:1203: creating libraries/spadas/Makefile
config.status:1203: creating libraries/worldsens/Makefile
config.status:1203: creating libraries/Makefile
config.status:1203: creating models/propagation/Makefile
config.status:1203: creating models/interferences/Makefile
config.status:1203: creating models/modulation/Makefile
config.status:1203: creating models/environment/Makefile
config.status:1203: creating models/monitor/Makefile
config.status:1203: creating models/application/data_d/lbdd/Makefile
config.status:1203: creating models/application/data_d/xy/Makefile
config.status:1203: creating models/application/data_d/ght/Makefile
config.status:1203: creating models/application/data_d/gossip/Makefile
config.status:1203: creating models/application/data_d/Makefile
config.status:1203: creating models/application/Makefile
config.status:1203: creating models/routing/Makefile
config.status:1203: creating models/mac/Makefile
config.status:1203: creating models/radio/Makefile
config.status:1203: creating models/antenna/Makefile
config.status:1203: creating models/mobility/Makefile
config.status:1203: creating models/energy/Makefile
config.status:1203: creating models/noise/Makefile
config.status:1203: creating models/Makefile
config.status:1203: creating src/scheduler/local/Makefile
config.status:1203: creating src/scheduler/distant/Makefile
config.status:1203: creating src/scheduler/Makefile
config.status:1203: creating src/Makefile
config.status:1203: creating utils/topogen/Makefile
config.status:1203: creating utils/replay/Makefile
config.status:1203: creating utils/matlab_functions/maps/Makefile
config.status:1203: creating utils/matlab_functions/Makefile
config.status:1203: creating utils/gnuplot_functions/activenodes/Makefile
config.status:1203: creating utils/gnuplot_functions/Makefile
config.status:1203: creating utils/scripts/Makefile
config.status:1203: creating utils/Makefile
config.status:1203: creating demo/Makefile
config.status:1203: creating doc/module_dev/Makefile
config.status:1203: creating doc/Makefile
config.status:1203: creating Makefile
config.status:1203: creating config.h
config.status:1432: executing depfiles commands
config.status:1432: executing libtool commands

## ---------------- ##
## Cache variables. ##
## ---------------- ##

ac_cv_build=x86_64-unknown-linux-gnu
ac_cv_c_compiler_gnu=yes
ac_cv_env_CC_set=
ac_cv_env_CC_value=
ac_cv_env_CFLAGS_set=
ac_cv_env_CFLAGS_value=
ac_cv_env_CPPFLAGS_set=
ac_cv_env_CPPFLAGS_value=
ac_cv_env_CPP_set=
ac_cv_env_CPP_value=
ac_cv_env_GLIB_FLAGS_set=
ac_cv_env_GLIB_FLAGS_value=
ac_cv_env_GLIB_LIBS_set=
ac_cv_env_GLIB_LIBS_value=
ac_cv_env_GSL_FLAGS_set=
ac_cv_env_GSL_FLAGS_value=
ac_cv_env_GSL_LIBS_set=
ac_cv_env_GSL_LIBS_value=
ac_cv_env_LDFLAGS_set=
ac_cv_env_LDFLAGS_value=
ac_cv_env_LIBS_set=
ac_cv_env_LIBS_value=
ac_cv_env_PKG_CONFIG_DIR_set=
ac_cv_env_PKG_CONFIG_DIR_value=
ac_cv_env_XML_FLAGS_set=
ac_cv_env_XML_FLAGS_value=
ac_cv_env_XML_LIBS_set=
ac_cv_env_XML_LIBS_value=
ac_cv_env_build_alias_set=
ac_cv_env_build_alias_value=
ac_cv_env_host_alias_set=
ac_cv_env_host_alias_value=
ac_cv_env_target_alias_set=
ac_cv_env_target_alias_value=
ac_cv_func_dlopen=no
ac_cv_func_shl_load=no
ac_cv_header_dlfcn_h=yes
ac_cv_header_inttypes_h=yes
ac_cv_header_memory_h=yes
ac_cv_header_stdc=yes
ac_cv_header_stdint_h=yes
ac_cv_header_stdlib_h=yes
ac_cv_header_string_h=yes
ac_cv_header_strings_h=yes
ac_cv_header_sys_stat_h=yes
ac_cv_header_sys_types_h=yes
ac_cv_header_unistd_h=yes
ac_cv_host=x86_64-unknown-linux-gnu
ac_cv_lib_dl_dlopen=yes
ac_cv_lib_dld_shl_load=no
ac_cv_objext=o
ac_cv_path_EGREP='/bin/grep -E'
ac_cv_path_FGREP='/bin/grep -F'
ac_cv_path_GREP=/bin/grep
ac_cv_path_PKG_CONFIG=/usr/bin/pkg-config
ac_cv_path_SED=/bin/sed
ac_cv_path_install='/usr/bin/install -c'
ac_cv_path_mkdir=/bin/mkdir
ac_cv_prog_AWK=gawk
ac_cv_prog_CPP='gcc -E'
ac_cv_prog_ac_ct_AR=ar
ac_cv_prog_ac_ct_CC=gcc
ac_cv_prog_ac_ct_MANIFEST_TOOL=mt
ac_cv_prog_ac_ct_OBJDUMP=objdump
ac_cv_prog_ac_ct_RANLIB=ranlib
ac_cv_prog_ac_ct_STRIP=strip
ac_cv_prog_cc_c89=
ac_cv_prog_cc_g=yes
ac_cv_prog_make_make_set=yes
ac_cv_target=x86_64-unknown-linux-gnu
am_cv_CC_dependencies_compiler_type=gcc3
am_cv_GCJ_dependencies_compiler_type=none
am_cv_make_support_nested_variables=yes
am_cv_prog_cc_c_o=yes
lt_cv_ar_at_file=@
lt_cv_archive_cmds_need_lc=no
lt_cv_deplibs_check_method=pass_all
lt_cv_dlopen=dlopen
lt_cv_dlopen_libs=-ldl
lt_cv_dlopen_self=yes
lt_cv_dlopen_self_static=no
lt_cv_file_magic_cmd='$MAGIC_CMD'
lt_cv_file_magic_test_file=
lt_cv_ld_reload_flag=-r
lt_cv_nm_interface='BSD nm'
lt_cv_objdir=.libs
lt_cv_path_LD=/usr/bin/ld
lt_cv_path_NM='/usr/bin/nm -B'
lt_cv_path_mainfest_tool=no
lt_cv_prog_compiler_c_o=yes
lt_cv_prog_compiler_c_o_GCJ=no
lt_cv_prog_compiler_pic='-fPIC -DPIC'
lt_cv_prog_compiler_pic_GCJ=-fPIC
lt_cv_prog_compiler_pic_works=yes
lt_cv_prog_compiler_pic_works_GCJ=no
lt_cv_prog_compiler_rtti_exceptions=no
lt_cv_prog_compiler_static_works=yes
lt_cv_prog_compiler_static_works_GCJ=no
lt_cv_prog_gnu_ld=yes
lt_cv_sharedlib_from_linklib_cmd='printf %s\n'
lt_cv_shlibpath_overrides_runpath=no
lt_cv_sys_global_symbol_pipe='sed -n -e '\''s/^.*[	 ]\([ABCDGIRSTW][ABCDGIRSTW]*\)[	 ][	 ]*\([_A-Za-z][_A-Za-z0-9]*\)$/\1 \2 \2/p'\'' | sed '\''/ __gnu_lto/d'\'''
lt_cv_sys_global_symbol_to_c_name_address='sed -n -e '\''s/^: \([^ ]*\)[ ]*$/  {\"\1\", (void *) 0},/p'\'' -e '\''s/^[ABCDGIRSTW]* \([^ ]*\) \([^ ]*\)$/  {"\2", (void *) \&\2},/p'\'''
lt_cv_sys_global_symbol_to_c_name_address_lib_prefix='sed -n -e '\''s/^: \([^ ]*\)[ ]*$/  {\"\1\", (void *) 0},/p'\'' -e '\''s/^[ABCDGIRSTW]* \([^ ]*\) \(lib[^ ]*\)$/  {"\2", (void *) \&\2},/p'\'' -e '\''s/^[ABCDGIRSTW]* \([^ ]*\) \([^ ]*\)$/  {"lib\2", (void *) \&\2},/p'\'''
lt_cv_sys_global_symbol_to_cdecl='sed -n -e '\''s/^T .* \(.*\)$/extern int \1();/p'\'' -e '\''s/^[ABCDGIRSTW]* .* \(.*\)$/extern char \1;/p'\'''
lt_cv_sys_max_cmd_len=1572864
lt_cv_to_host_file_cmd=func_convert_file_noop
lt_cv_to_tool_file_cmd=func_convert_file_noop

## ----------------- ##
## Output variables. ##
## ----------------- ##

ACLOCAL='${SHELL} /home/gabrielle/wsnet/missing aclocal-1.14'
AMDEPBACKSLASH='\'
AMDEP_FALSE='#'
AMDEP_TRUE=''
AMTAR='$${TAR-tar}'
AM_BACKSLASH='\'
AM_DEFAULT_V='$(AM_DEFAULT_VERBOSITY)'
AM_DEFAULT_VERBOSITY='1'
AM_V='$(V)'
AR='ar'
AUTOCONF='${SHELL} /home/gabrielle/wsnet/missing autoconf'
AUTOHEADER='${SHELL} /home/gabrielle/wsnet/missing autoheader'
AUTOMAKE='${SHELL} /home/gabrielle/wsnet/missing automake-1.14'
AWK='gawk'
CC='gcc'
CCDEPMODE='depmode=gcc3'
CFLAGS='-O2 -fno-strict-aliasing -Wall -Wextra -Wno-unused-parameter -Werror -DLIBDIR='\''"${exec_prefix}/lib"'\'' -DDATADIR='\''"${datarootdir}"'\'' '
CPP='gcc -E'
CPPFLAGS=''
CYGPATH_W='echo'
DAS='list'
DEFS='-DHAVE_CONFIG_H'
DEPDIR='.deps'
DLLTOOL='false'
DSYMUTIL=''
DUMPBIN=''
ECHO_C=''
ECHO_N='-n'
ECHO_T=''
EGREP='/bin/grep -E'
EXEEXT=''
FGREP='/bin/grep -F'
GCJ='gcj'
GCJDEPMODE='depmode=none'
GCJFLAGS='-g -O2'
GLIB_FLAGS='-pthread -I/usr/include/glib-2.0 -I/usr/lib/x86_64-linux-gnu/glib-2.0/include  '
GLIB_LIBS='-Wl,--export-dynamic -pthread -lgmodule-2.0 -lglib-2.0  '
GREP='/bin/grep'
GSL_FLAGS=' '
GSL_LIBS='-lgsl -lgslcblas -lm  '
HADAS='hash'
INSTALL_DATA='${INSTALL} -m 644'
INSTALL_PROGRAM='${INSTALL}'
INSTALL_SCRIPT='${INSTALL}'
INSTALL_STRIP_PROGRAM='$(install_sh) -c -s'
LD='/usr/bin/ld -m elf_x86_64'
LDFLAGS=''
LIBOBJS=''
LIBS=''
LIBTOOL='$(SHELL) $(top_builddir)/libtool'
LIPO=''
LN_S='ln -s'
LTLIBOBJS=''
MAKEINFO='${SHELL} /home/gabrielle/wsnet/missing makeinfo'
MANIFEST_TOOL=':'
MEM_FS='prealloc'
MKDIR_P='/bin/mkdir -p'
NM='/usr/bin/nm -B'
NMEDIT=''
OBJDUMP='objdump'
OBJEXT='o'
OTOOL64=''
OTOOL=''
PACKAGE='wsnet-2-0'
PACKAGE_BUGREPORT=''
PACKAGE_NAME='wsnet-2.0'
PACKAGE_STRING='wsnet-2.0 0.7cvs'
PACKAGE_TARNAME='wsnet-2-0'
PACKAGE_URL=''
PACKAGE_VERSION='0.7cvs'
PATH_SEPARATOR=':'
PKG_CONFIG='/usr/bin/pkg-config'
PKG_CONFIG_DIR=''
RANLIB='ranlib'
SCHEDULER='distant'
SED='/bin/sed'
SET_MAKE=''
SHELL='/bin/sh'
SODAS='heap'
SPADAS='grid'
STRIP='strip'
VERSION='0.7cvs'
XML_FLAGS='-I/usr/include/libxml2  '
XML_LIBS='-lxml2  '
ac_ct_AR='ar'
ac_ct_CC='gcc'
ac_ct_DUMPBIN=''
ac_ct_GCJ=''
am__EXEEXT_FALSE=''
am__EXEEXT_TRUE='#'
am__fastdepCC_FALSE='#'
am__fastdepCC_TRUE=''
am__fastdepGCJ_FALSE=''
am__fastdepGCJ_TRUE='#'
am__include='include'
am__isrc=''
am__leading_dot='.'
am__nodep='_no'
am__quote=''
am__tar='$${TAR-tar} chof - "$$tardir"'
am__untar='$${TAR-tar} xf -'
bindir='${exec_prefix}/bin'
build='x86_64-unknown-linux-gnu'
build_alias=''
build_cpu='x86_64'
build_os='linux-gnu'
build_vendor='unknown'
datadir='${datarootdir}'
datarootdir='${prefix}/share'
docdir='${datarootdir}/doc/${PACKAGE_TARNAME}'
dvidir='${docdir}'
exec_prefix='${prefix}'
host='x86_64-unknown-linux-gnu'
host_alias=''
host_cpu='x86_64'
host_os='linux-gnu'
host_vendor='unknown'
htmldir='${docdir}'
includedir='${prefix}/include'
infodir='${datarootdir}/info'
install_sh='${SHELL} /home/gabrielle/wsnet/install-sh'
libdir='${exec_prefix}/lib'
libexecdir='${exec_prefix}/libexec'
localedir='${datarootdir}/locale'
localstatedir='${prefix}/var'
mandir='${datarootdir}/man'
mkdir_p='$(MKDIR_P)'
oldincludedir='/usr/include'
pdfdir='${docdir}'
prefix='/usr/local/wsnet-2.0'
program_transform_name='s,x,x,'
psdir='${docdir}'
sbindir='${exec_prefix}/sbin'
sharedstatedir='${prefix}/com'
sysconfdir='${prefix}/etc'
target='x86_64-unknown-linux-gnu'
target_alias=''
target_cpu='x86_64'
target_os='linux-gnu'
target_vendor='unknown'

## ----------- ##
## confdefs.h. ##
## ----------- ##

/* confdefs.h */
#define PACKAGE_NAME "wsnet-2.0"
#define PACKAGE_TARNAME "wsnet-2-0"
#define PACKAGE_VERSION "0.7cvs"
#define PACKAGE_STRING "wsnet-2.0 0.7cvs"
#define PACKAGE_BUGREPORT ""
#define PACKAGE_URL ""
#define PACKAGE "wsnet-2-0"
#define VERSION "0.7cvs"
#define STDC_HEADERS 1
#define HAVE_SYS_TYPES_H 1
#define HAVE_SYS_STAT_H 1
#define HAVE_STDLIB_H 1
#define HAVE_STRING_H 1
#define HAVE_MEMORY_H 1
#define HAVE_STRINGS_H 1
#define HAVE_INTTYPES_H 1
#define HAVE_STDINT_H 1
#define HAVE_UNISTD_H 1
#define HAVE_DLFCN_H 1
#define LT_OBJDIR ".libs/"

configure: exit 0
